fashionai-sdk/build/intermediates/manifest_merge_blame_file/debug/processDebugManifest/manifest-merger-blame-debug-report.txt
1<?xml version="1.0" encoding="utf-8"?>
2<manifest xmlns:android="http://schemas.android.com/apk/res/android"
3    package="com.fashionai.sdk" >
4
5    <uses-sdk android:minSdkVersion="24" />
5-->INJECTED
5-->INJECTED
6
7    <uses-permission android:name="android.permission.INTERNET" />
7-->src\main\AndroidManifest.xml:4:5-67
7-->src\main\AndroidManifest.xml:4:22-64
8    <uses-permission android:name="android.permission.CAMERA" />
8-->src\main\AndroidManifest.xml:5:5-65
8-->src\main\AndroidManifest.xml:5:22-62
9    <uses-permission
9-->src\main\AndroidManifest.xml:6:5-7:38
10        android:name="android.permission.READ_EXTERNAL_STORAGE"
10-->src\main\AndroidManifest.xml:6:22-77
11        android:maxSdkVersion="32" />
11-->src\main\AndroidManifest.xml:7:9-35
12    <uses-permission android:name="android.permission.READ_MEDIA_IMAGES" />
12-->src\main\AndroidManifest.xml:8:5-76
12-->src\main\AndroidManifest.xml:8:22-73
13
14    <uses-feature
14-->src\main\AndroidManifest.xml:10:5-12:36
15        android:name="android.hardware.camera"
15-->src\main\AndroidManifest.xml:11:9-47
16        android:required="false" />
16-->src\main\AndroidManifest.xml:12:9-33
17
18    <application>
18-->src\main\AndroidManifest.xml:14:5-16:19
19
20        <!-- SDK does not declare any components — fully library mode -->
21    </application>
22
23</manifest>